::1 - - [17/Dec/2024:10:09:23 +0200] "GET / HTTP/1.1" 403 299
::1 - - [17/Dec/2024:10:09:23 +0200] "GET /favicon.ico HTTP/1.1" 404 296
::1 - - [17/Dec/2024:10:09:37 +0200] "GET / HTTP/1.1" 403 299
::1 - - [17/Dec/2024:10:09:37 +0200] "GET /favicon.ico HTTP/1.1" 404 296
::1 - - [17/Dec/2024:10:09:38 +0200] "GET / HTTP/1.1" 403 299
::1 - - [17/Dec/2024:10:09:38 +0200] "GET / HTTP/1.1" 403 299
::1 - - [17/Dec/2024:10:26:44 +0200] "GET / HTTP/1.1" 200 152
::1 - - [17/Dec/2024:10:26:44 +0200] "GET /favicon.ico HTTP/1.1" 404 296
::1 - - [17/Dec/2024:10:31:25 +0200] "GET / HTTP/1.1" 200 152
::1 - - [17/Dec/2024:10:31:25 +0200] "GET /favicon.ico HTTP/1.1" 404 296
::1 - - [17/Dec/2024:10:31:26 +0200] "GET / HTTP/1.1" 304 -
::1 - - [17/Dec/2024:10:31:26 +0200] "GET / HTTP/1.1" 200 152
::1 - - [17/Dec/2024:10:31:26 +0200] "GET /favicon.ico HTTP/1.1" 404 296
::1 - - [17/Dec/2024:10:31:26 +0200] "GET / HTTP/1.1" 304 -
::1 - - [17/Dec/2024:10:31:26 +0200] "GET / HTTP/1.1" 304 -
::1 - - [17/Dec/2024:10:32:16 +0200] "GET / HTTP/1.1" 200 19
::1 - - [17/Dec/2024:10:58:47 +0200] "GET / HTTP/1.1" 200 152
::1 - - [17/Dec/2024:10:58:47 +0200] "GET /favicon.ico HTTP/1.1" 404 296
::1 - - [17/Dec/2024:10:59:18 +0200] "GET / HTTP/1.1" 200 152
::1 - - [17/Dec/2024:11:03:13 +0200] "GET / HTTP/1.1" 200 -
::1 - - [17/Dec/2024:11:03:14 +0200] "GET / HTTP/1.1" 200 -
::1 - - [17/Dec/2024:11:03:15 +0200] "GET / HTTP/1.1" 200 -
::1 - - [17/Dec/2024:11:03:15 +0200] "GET / HTTP/1.1" 200 -
::1 - - [17/Dec/2024:11:03:21 +0200] "GET / HTTP/1.1" 200 -
::1 - - [17/Dec/2024:11:03:22 +0200] "GET / HTTP/1.1" 200 -
::1 - - [17/Dec/2024:11:03:22 +0200] "GET / HTTP/1.1" 200 -
::1 - - [17/Dec/2024:11:03:22 +0200] "GET / HTTP/1.1" 200 -
::1 - - [17/Dec/2024:11:03:25 +0200] "GET / HTTP/1.1" 200 169
::1 - - [17/Dec/2024:11:03:26 +0200] "GET /favicon.ico HTTP/1.1" 404 296
::1 - - [17/Dec/2024:11:03:32 +0200] "GET / HTTP/1.1" 200 -
::1 - - [17/Dec/2024:11:03:33 +0200] "GET / HTTP/1.1" 200 -
::1 - - [17/Dec/2024:11:03:33 +0200] "GET / HTTP/1.1" 200 -
::1 - - [17/Dec/2024:11:03:33 +0200] "GET / HTTP/1.1" 200 -
::1 - - [17/Dec/2024:11:03:33 +0200] "GET / HTTP/1.1" 200 -
::1 - - [17/Dec/2024:11:03:33 +0200] "GET / HTTP/1.1" 200 -
::1 - - [17/Dec/2024:11:03:34 +0200] "GET / HTTP/1.1" 200 -
::1 - - [17/Dec/2024:11:03:34 +0200] "GET / HTTP/1.1" 200 -
::1 - - [17/Dec/2024:11:03:34 +0200] "GET / HTTP/1.1" 200 -
::1 - - [17/Dec/2024:11:03:49 +0200] "GET / HTTP/1.1" 200 191
::1 - - [17/Dec/2024:11:04:19 +0200] "GET / HTTP/1.1" 200 -
::1 - - [17/Dec/2024:11:04:20 +0200] "GET / HTTP/1.1" 200 -
::1 - - [17/Dec/2024:11:04:20 +0200] "GET / HTTP/1.1" 200 -
::1 - - [17/Dec/2024:11:04:20 +0200] "GET / HTTP/1.1" 200 -
::1 - - [17/Dec/2024:11:04:20 +0200] "GET / HTTP/1.1" 200 -
::1 - - [17/Dec/2024:11:04:20 +0200] "GET / HTTP/1.1" 200 -
::1 - - [17/Dec/2024:11:04:21 +0200] "GET / HTTP/1.1" 200 -
::1 - - [17/Dec/2024:11:04:21 +0200] "GET / HTTP/1.1" 200 -
::1 - - [17/Dec/2024:11:04:21 +0200] "GET / HTTP/1.1" 200 -
::1 - - [17/Dec/2024:11:04:21 +0200] "GET / HTTP/1.1" 200 -
::1 - - [17/Dec/2024:11:04:21 +0200] "GET / HTTP/1.1" 200 -
::1 - - [17/Dec/2024:11:04:22 +0200] "GET / HTTP/1.1" 200 -
::1 - - [17/Dec/2024:11:04:22 +0200] "GET / HTTP/1.1" 200 -
::1 - - [17/Dec/2024:11:04:22 +0200] "GET / HTTP/1.1" 200 -
::1 - - [17/Dec/2024:11:04:22 +0200] "GET / HTTP/1.1" 200 -
::1 - - [17/Dec/2024:11:04:23 +0200] "GET / HTTP/1.1" 200 -
::1 - - [17/Dec/2024:11:04:23 +0200] "GET / HTTP/1.1" 200 -
::1 - - [17/Dec/2024:11:04:23 +0200] "GET / HTTP/1.1" 200 -
::1 - - [17/Dec/2024:11:04:23 +0200] "GET / HTTP/1.1" 200 -
::1 - - [17/Dec/2024:11:04:24 +0200] "GET / HTTP/1.1" 200 -
::1 - - [17/Dec/2024:11:04:24 +0200] "GET / HTTP/1.1" 200 -
::1 - - [17/Dec/2024:11:04:24 +0200] "GET / HTTP/1.1" 200 -
::1 - - [17/Dec/2024:11:04:24 +0200] "GET / HTTP/1.1" 200 -
::1 - - [17/Dec/2024:11:04:30 +0200] "GET / HTTP/1.1" 200 -
::1 - - [17/Dec/2024:11:04:30 +0200] "GET / HTTP/1.1" 200 -
::1 - - [17/Dec/2024:11:04:30 +0200] "GET / HTTP/1.1" 200 -
::1 - - [17/Dec/2024:11:04:30 +0200] "GET / HTTP/1.1" 200 -
::1 - - [17/Dec/2024:11:04:31 +0200] "GET / HTTP/1.1" 200 -
::1 - - [17/Dec/2024:11:04:31 +0200] "GET / HTTP/1.1" 200 -
::1 - - [17/Dec/2024:11:04:31 +0200] "GET / HTTP/1.1" 200 -
::1 - - [17/Dec/2024:11:04:31 +0200] "GET / HTTP/1.1" 200 -
::1 - - [17/Dec/2024:11:04:31 +0200] "GET / HTTP/1.1" 200 -
::1 - - [17/Dec/2024:11:04:32 +0200] "GET / HTTP/1.1" 200 -
::1 - - [17/Dec/2024:11:04:32 +0200] "GET / HTTP/1.1" 200 -
::1 - - [17/Dec/2024:11:04:32 +0200] "GET / HTTP/1.1" 200 -
::1 - - [17/Dec/2024:11:04:32 +0200] "GET / HTTP/1.1" 200 -
::1 - - [17/Dec/2024:11:04:33 +0200] "GET / HTTP/1.1" 200 -
::1 - - [17/Dec/2024:11:04:33 +0200] "GET / HTTP/1.1" 200 -
::1 - - [17/Dec/2024:11:04:33 +0200] "GET / HTTP/1.1" 200 -
::1 - - [17/Dec/2024:11:04:33 +0200] "GET / HTTP/1.1" 200 -
::1 - - [17/Dec/2024:11:04:33 +0200] "GET / HTTP/1.1" 200 -
::1 - - [17/Dec/2024:11:04:34 +0200] "GET / HTTP/1.1" 200 -
::1 - - [17/Dec/2024:11:04:34 +0200] "GET / HTTP/1.1" 200 -
::1 - - [17/Dec/2024:11:04:34 +0200] "GET / HTTP/1.1" 200 -
::1 - - [17/Dec/2024:11:04:34 +0200] "GET / HTTP/1.1" 200 -
::1 - - [17/Dec/2024:11:04:35 +0200] "GET / HTTP/1.1" 200 -
::1 - - [17/Dec/2024:11:04:35 +0200] "GET / HTTP/1.1" 200 -
::1 - - [17/Dec/2024:11:04:35 +0200] "GET / HTTP/1.1" 200 -
::1 - - [17/Dec/2024:11:04:35 +0200] "GET / HTTP/1.1" 200 -
::1 - - [17/Dec/2024:11:04:35 +0200] "GET / HTTP/1.1" 200 -
::1 - - [17/Dec/2024:11:04:36 +0200] "GET / HTTP/1.1" 200 -
::1 - - [17/Dec/2024:11:04:36 +0200] "GET / HTTP/1.1" 200 -
::1 - - [17/Dec/2024:11:04:36 +0200] "GET / HTTP/1.1" 200 -
::1 - - [17/Dec/2024:11:04:36 +0200] "GET / HTTP/1.1" 200 -
::1 - - [17/Dec/2024:11:04:37 +0200] "GET / HTTP/1.1" 200 -
::1 - - [17/Dec/2024:11:04:37 +0200] "GET / HTTP/1.1" 200 -
::1 - - [17/Dec/2024:11:04:37 +0200] "GET / HTTP/1.1" 200 -
::1 - - [17/Dec/2024:11:04:38 +0200] "GET / HTTP/1.1" 200 -
::1 - - [17/Dec/2024:11:04:38 +0200] "GET / HTTP/1.1" 200 -
::1 - - [17/Dec/2024:11:04:39 +0200] "GET / HTTP/1.1" 200 -
::1 - - [17/Dec/2024:11:04:39 +0200] "GET / HTTP/1.1" 200 -
::1 - - [17/Dec/2024:11:04:39 +0200] "GET / HTTP/1.1" 200 -
::1 - - [17/Dec/2024:11:04:39 +0200] "GET / HTTP/1.1" 200 -
::1 - - [17/Dec/2024:11:04:40 +0200] "GET / HTTP/1.1" 200 -
::1 - - [17/Dec/2024:11:04:40 +0200] "GET / HTTP/1.1" 200 -
::1 - - [17/Dec/2024:11:04:40 +0200] "GET / HTTP/1.1" 200 -
::1 - - [17/Dec/2024:11:04:40 +0200] "GET / HTTP/1.1" 200 -
::1 - - [17/Dec/2024:11:04:41 +0200] "GET / HTTP/1.1" 200 -
::1 - - [17/Dec/2024:11:05:05 +0200] "GET / HTTP/1.1" 200 154
::1 - - [17/Dec/2024:11:05:33 +0200] "GET / HTTP/1.1" 200 -
::1 - - [17/Dec/2024:11:05:55 +0200] "GET / HTTP/1.1" 200 -
::1 - - [17/Dec/2024:11:06:12 +0200] "GET / HTTP/1.1" 200 -
::1 - - [17/Dec/2024:11:06:30 +0200] "GET / HTTP/1.1" 200 154
::1 - - [17/Dec/2024:11:06:41 +0200] "GET / HTTP/1.1" 200 -
::1 - - [17/Dec/2024:11:07:16 +0200] "GET / HTTP/1.1" 200 -
::1 - - [17/Dec/2024:11:07:57 +0200] "GET / HTTP/1.1" 200 -
::1 - - [17/Dec/2024:11:08:01 +0200] "GET / HTTP/1.1" 200 -
::1 - - [17/Dec/2024:11:08:01 +0200] "GET / HTTP/1.1" 200 -
::1 - - [17/Dec/2024:11:08:35 +0200] "GET / HTTP/1.1" 200 152
::1 - - [17/Dec/2024:11:08:42 +0200] "GET / HTTP/1.1" 200 -
::1 - - [17/Dec/2024:11:08:57 +0200] "GET / HTTP/1.1" 200 190
::1 - - [17/Dec/2024:11:09:06 +0200] "GET / HTTP/1.1" 200 -
::1 - - [17/Dec/2024:11:09:10 +0200] "GET / HTTP/1.1" 200 190
::1 - - [17/Dec/2024:11:10:10 +0200] "GET / HTTP/1.1" 200 -
::1 - - [17/Dec/2024:11:11:33 +0200] "GET / HTTP/1.1" 200 -
::1 - - [17/Dec/2024:11:11:39 +0200] "GET / HTTP/1.1" 200 158
::1 - - [17/Dec/2024:11:11:55 +0200] "GET / HTTP/1.1" 200 -
::1 - - [17/Dec/2024:11:12:17 +0200] "GET / HTTP/1.1" 200 -
::1 - - [17/Dec/2024:11:12:17 +0200] "GET /favicon.ico HTTP/1.1" 404 296
::1 - - [17/Dec/2024:11:12:25 +0200] "GET / HTTP/1.1" 200 -
::1 - - [17/Dec/2024:11:12:40 +0200] "GET / HTTP/1.1" 200 -
::1 - - [17/Dec/2024:11:12:50 +0200] "GET / HTTP/1.1" 200 158
::1 - - [17/Dec/2024:11:14:04 +0200] "GET / HTTP/1.1" 200 -
::1 - - [17/Dec/2024:11:14:15 +0200] "GET / HTTP/1.1" 200 -
::1 - - [17/Dec/2024:11:14:24 +0200] "GET / HTTP/1.1" 200 158
::1 - - [17/Dec/2024:11:17:41 +0200] "GET / HTTP/1.1" 200 145
::1 - - [17/Dec/2024:11:18:03 +0200] "GET / HTTP/1.1" 200 376
::1 - - [17/Dec/2024:11:18:15 +0200] "GET / HTTP/1.1" 200 376
::1 - - [17/Dec/2024:11:18:54 +0200] "GET / HTTP/1.1" 200 373
::1 - - [17/Dec/2024:11:23:41 +0200] "GET / HTTP/1.1" 200 550
::1 - - [17/Dec/2024:11:25:38 +0200] "GET / HTTP/1.1" 200 608
::1 - - [17/Dec/2024:11:25:38 +0200] "GET /api1.py HTTP/1.1" 404 296
::1 - - [17/Dec/2024:11:25:54 +0200] "GET / HTTP/1.1" 200 608
::1 - - [17/Dec/2024:11:25:57 +0200] "GET /api1.py HTTP/1.1" 404 296
::1 - - [17/Dec/2024:11:25:59 +0200] "GET /api1.py HTTP/1.1" 404 296
::1 - - [17/Dec/2024:11:27:04 +0200] "GET / HTTP/1.1" 200 608
::1 - - [17/Dec/2024:11:27:04 +0200] "GET /favicon.ico HTTP/1.1" 404 296
::1 - - [17/Dec/2024:11:27:05 +0200] "GET /api1.py HTTP/1.1" 500 632
::1 - - [17/Dec/2024:11:27:21 +0200] "GET / HTTP/1.1" 200 608
::1 - - [17/Dec/2024:11:27:21 +0200] "GET /favicon.ico HTTP/1.1" 404 296
::1 - - [17/Dec/2024:11:27:25 +0200] "GET /api1.py HTTP/1.1" 500 632
::1 - - [17/Dec/2024:11:29:12 +0200] "GET / HTTP/1.1" 200 607
::1 - - [17/Dec/2024:11:29:16 +0200] "GET /api1.py HTTP/1.1" 500 632
::1 - - [17/Dec/2024:11:29:19 +0200] "GET /api1.py HTTP/1.1" 500 632
::1 - - [17/Dec/2024:11:30:35 +0200] "GET / HTTP/1.1" 200 604
::1 - - [17/Dec/2024:11:30:35 +0200] "GET /api1 HTTP/1.1" 500 632
::1 - - [17/Dec/2024:11:31:30 +0200] "GET / HTTP/1.1" 200 -
::1 - - [17/Dec/2024:11:31:34 +0200] "GET / HTTP/1.1" 200 594
::1 - - [17/Dec/2024:11:32:00 +0200] "GET /api1 HTTP/1.1" 200 18
::1 - - [17/Dec/2024:20:28:22 +0200] "GET / HTTP/1.1" 200 594
::1 - - [17/Dec/2024:20:28:22 +0200] "GET /favicon.ico HTTP/1.1" 404 296
::1 - - [17/Dec/2024:20:28:23 +0200] "GET / HTTP/1.1" 200 594
::1 - - [17/Dec/2024:20:28:24 +0200] "GET /api1 HTTP/1.1" 200 18
::1 - - [17/Dec/2024:20:45:35 +0200] "GET / HTTP/1.1" 200 1316
::1 - - [17/Dec/2024:20:45:36 +0200] "GET /favicon.ico HTTP/1.1" 404 296
::1 - - [18/Dec/2024:17:37:39 +0200] "GET / HTTP/1.1" 200 2503
::1 - - [18/Dec/2024:17:37:39 +0200] "GET /favicon.ico HTTP/1.1" 404 296
::1 - - [18/Dec/2024:17:38:02 +0200] "GET /?username=vlad&email=test%40gmail.com&password=Test1234&confirm_password=Test1234 HTTP/1.1" 200 2503
::1 - - [18/Dec/2024:17:40:17 +0200] "GET /?username=test&email=vlad%40gmail.com&password=Testtest21&confirm_password=Testtest21 HTTP/1.1" 200 2503
::1 - - [18/Dec/2024:17:40:27 +0200] "GET /api2?x=10&b=true&name=%D0%84%D2%91%D0%BE%D1%80&&json HTTP/1.1" 404 296
::1 - - [18/Dec/2024:17:40:29 +0200] "GET /api2?x=10&b=true&name=%D0%84%D2%91%D0%BE%D1%80&&json HTTP/1.1" 404 296
::1 - - [18/Dec/2024:18:00:13 +0200] "GET /?username=test&email=vlad%40gmail.com&password=Testtest21&confirm_password=Testtest21 HTTP/1.1" 200 2503
::1 - - [18/Dec/2024:18:00:13 +0200] "GET /favicon.ico HTTP/1.1" 404 296
::1 - - [18/Dec/2024:18:03:44 +0200] "GET /?username=test&email=vlad%40gmail.com&password=Testtest21&confirm_password=Testtest21 HTTP/1.1" 200 3136
::1 - - [18/Dec/2024:18:03:46 +0200] "POST /cgi-bin/script.py HTTP/1.1" 404 296
::1 - - [18/Dec/2024:18:03:58 +0200] "GET /api2?x=10&b=true&name=%D0%84%D2%91%D0%BE%D1%80&&json HTTP/1.1" 404 296
::1 - - [18/Dec/2024:18:03:59 +0200] "GET /api2?x=10&b=true&name=%D0%84%D2%91%D0%BE%D1%80&&json HTTP/1.1" 404 296
::1 - - [18/Dec/2024:18:04:00 +0200] "GET /api2?x=10&b=true&name=%D0%84%D2%91%D0%BE%D1%80&&json HTTP/1.1" 404 296
::1 - - [18/Dec/2024:18:04:01 +0200] "GET /api2?x=10&b=true&name=%D0%84%D2%91%D0%BE%D1%80&&json HTTP/1.1" 404 296
::1 - - [18/Dec/2024:18:04:01 +0200] "GET /api2?x=10&b=true&name=%D0%84%D2%91%D0%BE%D1%80&&json HTTP/1.1" 404 296
::1 - - [18/Dec/2024:18:04:01 +0200] "GET /api2?x=10&b=true&name=%D0%84%D2%91%D0%BE%D1%80&&json HTTP/1.1" 404 296
::1 - - [18/Dec/2024:18:04:02 +0200] "GET /api2?x=10&b=true&name=%D0%84%D2%91%D0%BE%D1%80&&json HTTP/1.1" 404 296
::1 - - [18/Dec/2024:18:04:02 +0200] "GET /api2?x=10&b=true&name=%D0%84%D2%91%D0%BE%D1%80&&json HTTP/1.1" 404 296
::1 - - [18/Dec/2024:18:04:13 +0200] "POST /api/reg HTTP/1.1" 404 296
::1 - - [18/Dec/2024:21:36:41 +0200] "GET /favicon.ico HTTP/1.1" 404 296
::1 - - [18/Dec/2024:21:38:38 +0200] "POST /api/reg HTTP/1.1" 404 296
::1 - - [18/Dec/2024:21:38:43 +0200] "POST /cgi-bin/script.py HTTP/1.1" 404 296
::1 - - [18/Dec/2024:21:38:47 +0200] "GET /api2?x=10&b=true&name=%D0%84%D2%91%D0%BE%D1%80&&json HTTP/1.1" 404 296
::1 - - [18/Dec/2024:21:40:52 +0200] "POST /api/reg HTTP/1.1" 404 296
::1 - - [18/Dec/2024:21:40:53 +0200] "POST /api/reg HTTP/1.1" 404 296
::1 - - [18/Dec/2024:21:40:54 +0200] "POST /cgi-bin/script.py HTTP/1.1" 404 296
::1 - - [18/Dec/2024:21:41:00 +0200] "POST /cgi-bin/script.py HTTP/1.1" 404 296
::1 - - [18/Dec/2024:21:41:01 +0200] "GET /?username=test&email=vlad%40gmail.com&password=Testtest21&confirm_password=Testtest21 HTTP/1.1" 200 3136
::1 - - [18/Dec/2024:21:41:04 +0200] "GET /?username=test&email=vlad%40gmail.com&password=Testtest21&confirm_password=Testtest21 HTTP/1.1" 200 3136
::1 - - [18/Dec/2024:21:41:04 +0200] "GET /favicon.ico HTTP/1.1" 404 296
::1 - - [18/Dec/2024:21:41:09 +0200] "GET / HTTP/1.1" 200 3136
::1 - - [18/Dec/2024:21:41:30 +0200] "POST /api/reg HTTP/1.1" 404 296
::1 - - [18/Dec/2024:21:41:47 +0200] "POST /cgi-bin/script.py HTTP/1.1" 404 296
::1 - - [18/Dec/2024:21:43:34 +0200] "POST /cgi-bin/script.py HTTP/1.1" 404 296
::1 - - [18/Dec/2024:21:45:02 +0200] "GET / HTTP/1.1" 200 3136
::1 - - [18/Dec/2024:21:45:03 +0200] "POST /cgi-bin/script.py HTTP/1.1" 404 296
::1 - - [18/Dec/2024:21:45:04 +0200] "POST /cgi-bin/script.py HTTP/1.1" 404 296
::1 - - [18/Dec/2024:21:45:09 +0200] "GET /api2?x=10&b=true&name=%D0%84%D2%91%D0%BE%D1%80&&json HTTP/1.1" 404 296
::1 - - [18/Dec/2024:21:45:10 +0200] "GET /api2?x=10&b=true&name=%D0%84%D2%91%D0%BE%D1%80&&json HTTP/1.1" 404 296
::1 - - [18/Dec/2024:21:45:14 +0200] "POST /api/reg HTTP/1.1" 404 296
::1 - - [18/Dec/2024:21:45:18 +0200] "POST /cgi-bin/script.py HTTP/1.1" 404 296
::1 - - [18/Dec/2024:22:32:12 +0200] "POST /api/reg HTTP/1.1" 404 296
::1 - - [18/Dec/2024:22:32:19 +0200] "POST /cgi-bin/script.py HTTP/1.1" 404 296
::1 - - [18/Dec/2024:22:32:24 +0200] "POST /cgi-bin/script.py HTTP/1.1" 404 296
::1 - - [18/Dec/2024:22:32:45 +0200] "POST /cgi-bin/script.py HTTP/1.1" 404 296
::1 - - [18/Dec/2024:22:34:51 +0200] "POST /api/reg HTTP/1.1" 200 664
::1 - - [18/Dec/2024:22:34:57 +0200] "POST /cgi-bin/script.py HTTP/1.1" 404 296
::1 - - [18/Dec/2024:22:35:02 +0200] "POST /cgi-bin/script.py HTTP/1.1" 404 296
::1 - - [18/Dec/2024:22:35:05 +0200] "GET /api2?x=10&b=true&name=%D0%84%D2%91%D0%BE%D1%80&&json HTTP/1.1" 200 507
::1 - - [18/Dec/2024:22:35:17 +0200] "POST /cgi-bin/script.py HTTP/1.1" 404 296
::1 - - [18/Dec/2024:22:36:00 +0200] "POST /cgi-bin/script.py HTTP/1.1" 404 296
::1 - - [18/Dec/2024:22:37:51 +0200] "POST /api/reg HTTP/1.1" 200 664
::1 - - [18/Dec/2024:22:37:54 +0200] "POST /cgi-bin/script.py HTTP/1.1" 404 296
::1 - - [18/Dec/2024:22:39:58 +0200] "GET / HTTP/1.1" 200 3136
::1 - - [18/Dec/2024:22:39:59 +0200] "GET /favicon.ico HTTP/1.1" 404 296
::1 - - [18/Dec/2024:22:40:00 +0200] "POST /api/reg HTTP/1.1" 200 658
::1 - - [18/Dec/2024:22:40:03 +0200] "POST /cgi-bin/script.py HTTP/1.1" 404 296
::1 - - [18/Dec/2024:22:41:26 +0200] "POST /cgi-bin/script.py HTTP/1.1" 404 296
127.0.0.1 - - [18/Dec/2024:23:13:03 +0200] "POST / HTTP/1.1" 200 3136
127.0.0.1 - - [18/Dec/2024:23:18:11 +0200] "POST /script.py HTTP/1.1" 404 296
127.0.0.1 - - [18/Dec/2024:23:18:22 +0200] "POST /script.py HTTP/1.1" 404 296
127.0.0.1 - - [18/Dec/2024:23:18:25 +0200] "POST /script.py HTTP/1.1" 404 296
127.0.0.1 - - [18/Dec/2024:23:18:29 +0200] "POST /script.py HTTP/1.1" 404 296
::1 - - [18/Dec/2024:23:21:46 +0200] "POST /api/reg HTTP/1.1" 200 664
::1 - - [18/Dec/2024:23:21:49 +0200] "POST /cgi-bin/script.py HTTP/1.1" 404 296
::1 - - [18/Dec/2024:23:21:51 +0200] "GET / HTTP/1.1" 200 3863
::1 - - [18/Dec/2024:23:21:52 +0200] "POST /cgi-bin/cgi_script.py HTTP/1.1" 404 296
::1 - - [18/Dec/2024:23:21:54 +0200] "POST /cgi-bin/cgi_script.py HTTP/1.1" 404 296
::1 - - [18/Dec/2024:23:21:54 +0200] "GET / HTTP/1.1" 200 3863
::1 - - [18/Dec/2024:23:21:55 +0200] "GET /favicon.ico HTTP/1.1" 404 296
::1 - - [18/Dec/2024:23:21:56 +0200] "POST /cgi-bin/cgi_script.py HTTP/1.1" 404 296
::1 - - [18/Dec/2024:23:24:36 +0200] "GET / HTTP/1.1" 200 3843
::1 - - [18/Dec/2024:23:24:36 +0200] "GET /favicon.ico HTTP/1.1" 404 296
::1 - - [18/Dec/2024:23:24:38 +0200] "POST /cgi-bin/api HTTP/1.1" 404 296
::1 - - [18/Dec/2024:23:24:38 +0200] "POST /cgi-bin/api HTTP/1.1" 404 296
::1 - - [18/Dec/2024:23:34:15 +0200] "POST /cgi-bin/api HTTP/1.1" 404 296
::1 - - [18/Dec/2024:23:34:16 +0200] "POST /cgi-bin/api HTTP/1.1" 404 296
::1 - - [18/Dec/2024:23:34:17 +0200] "POST /cgi-bin/api HTTP/1.1" 404 296
::1 - - [18/Dec/2024:23:34:17 +0200] "POST /cgi-bin/api HTTP/1.1" 404 296
::1 - - [18/Dec/2024:23:34:18 +0200] "POST /cgi-bin/api HTTP/1.1" 404 296
::1 - - [18/Dec/2024:23:34:18 +0200] "POST /cgi-bin/api HTTP/1.1" 404 296
::1 - - [18/Dec/2024:23:34:18 +0200] "POST /cgi-bin/api HTTP/1.1" 404 296
::1 - - [18/Dec/2024:23:34:31 +0200] "POST /api/reg HTTP/1.1" 200 661
::1 - - [18/Dec/2024:23:34:34 +0200] "GET /api2?x=10&b=true&name=%D0%84%D2%91%D0%BE%D1%80&&json HTTP/1.1" 200 507
::1 - - [18/Dec/2024:23:34:36 +0200] "POST /cgi-bin/api HTTP/1.1" 404 296
::1 - - [18/Dec/2024:23:34:38 +0200] "POST /cgi-bin/api HTTP/1.1" 404 296
::1 - - [19/Dec/2024:09:00:24 +0200] "GET / HTTP/1.1" 200 3847
::1 - - [19/Dec/2024:09:00:24 +0200] "GET /favicon.ico HTTP/1.1" 404 296
::1 - - [19/Dec/2024:09:23:12 +0200] "GET / HTTP/1.1" 404 296
::1 - - [19/Dec/2024:09:26:14 +0200] "GET / HTTP/1.1" 404 296
::1 - - [19/Dec/2024:09:26:15 +0200] "GET / HTTP/1.1" 404 296
::1 - - [19/Dec/2024:09:26:15 +0200] "GET / HTTP/1.1" 404 296
::1 - - [19/Dec/2024:09:26:16 +0200] "GET / HTTP/1.1" 404 296
::1 - - [19/Dec/2024:09:26:16 +0200] "GET / HTTP/1.1" 404 296
::1 - - [19/Dec/2024:09:26:16 +0200] "GET / HTTP/1.1" 404 296
::1 - - [19/Dec/2024:09:26:16 +0200] "GET / HTTP/1.1" 404 296
::1 - - [19/Dec/2024:09:26:16 +0200] "GET / HTTP/1.1" 404 296
::1 - - [19/Dec/2024:09:26:17 +0200] "GET / HTTP/1.1" 404 296
::1 - - [19/Dec/2024:09:26:17 +0200] "GET / HTTP/1.1" 404 296
::1 - - [19/Dec/2024:09:26:17 +0200] "GET / HTTP/1.1" 404 296
::1 - - [19/Dec/2024:09:27:21 +0200] "GET / HTTP/1.1" 404 296
::1 - - [19/Dec/2024:09:27:21 +0200] "GET /favicon.ico HTTP/1.1" 404 296
::1 - - [19/Dec/2024:09:27:25 +0200] "GET / HTTP/1.1" 404 296
::1 - - [19/Dec/2024:09:27:25 +0200] "GET /favicon.ico HTTP/1.1" 404 296
::1 - - [19/Dec/2024:09:27:25 +0200] "GET / HTTP/1.1" 404 296
::1 - - [19/Dec/2024:09:27:25 +0200] "GET /favicon.ico HTTP/1.1" 404 296
::1 - - [19/Dec/2024:09:27:25 +0200] "GET / HTTP/1.1" 404 296
::1 - - [19/Dec/2024:09:27:25 +0200] "GET /favicon.ico HTTP/1.1" 404 296
::1 - - [19/Dec/2024:09:27:28 +0200] "GET / HTTP/1.1" 404 296
::1 - - [19/Dec/2024:09:27:28 +0200] "GET /favicon.ico HTTP/1.1" 404 296
::1 - - [19/Dec/2024:09:27:35 +0200] "GET / HTTP/1.1" 404 296
::1 - - [19/Dec/2024:09:27:35 +0200] "GET /favicon.ico HTTP/1.1" 404 296
::1 - - [19/Dec/2024:09:27:36 +0200] "GET / HTTP/1.1" 404 296
::1 - - [19/Dec/2024:09:27:36 +0200] "GET /favicon.ico HTTP/1.1" 404 296
::1 - - [19/Dec/2024:09:27:36 +0200] "GET / HTTP/1.1" 404 296
::1 - - [19/Dec/2024:09:27:36 +0200] "GET /favicon.ico HTTP/1.1" 404 296
::1 - - [19/Dec/2024:09:27:36 +0200] "GET / HTTP/1.1" 404 296
::1 - - [19/Dec/2024:09:27:36 +0200] "GET /favicon.ico HTTP/1.1" 404 296
::1 - - [19/Dec/2024:09:27:40 +0200] "GET / HTTP/1.1" 404 296
::1 - - [19/Dec/2024:09:27:40 +0200] "GET /favicon.ico HTTP/1.1" 404 296
::1 - - [19/Dec/2024:09:28:38 +0200] "GET / HTTP/1.1" 404 296
::1 - - [19/Dec/2024:09:28:38 +0200] "GET /favicon.ico HTTP/1.1" 404 296
::1 - - [19/Dec/2024:09:28:39 +0200] "GET / HTTP/1.1" 404 296
::1 - - [19/Dec/2024:09:28:39 +0200] "GET / HTTP/1.1" 404 296
::1 - - [19/Dec/2024:09:28:39 +0200] "GET / HTTP/1.1" 404 296
::1 - - [19/Dec/2024:09:28:41 +0200] "GET / HTTP/1.1" 404 296
::1 - - [19/Dec/2024:09:28:42 +0200] "GET / HTTP/1.1" 404 296
::1 - - [19/Dec/2024:09:28:42 +0200] "GET / HTTP/1.1" 404 296
::1 - - [19/Dec/2024:09:29:03 +0200] "GET / HTTP/1.1" 404 296
::1 - - [19/Dec/2024:09:29:03 +0200] "GET /favicon.ico HTTP/1.1" 404 296
::1 - - [19/Dec/2024:09:29:27 +0200] "GET / HTTP/1.1" 200 3848
::1 - - [19/Dec/2024:09:29:27 +0200] "GET /favicon.ico HTTP/1.1" 200 12
::1 - - [19/Dec/2024:09:29:40 +0200] "POST /api/reg HTTP/1.1" 200 8
::1 - - [19/Dec/2024:09:29:46 +0200] "GET /api2?x=10&b=true&name=%D0%84%D2%91%D0%BE%D1%80&&json HTTP/1.1" 200 5
::1 - - [19/Dec/2024:09:29:49 +0200] "POST /cgi-bin/api HTTP/1.1" 404 296
::1 - - [19/Dec/2024:09:29:50 +0200] "POST /cgi-bin/api1.py HTTP/1.1" 404 296
::1 - - [19/Dec/2024:09:29:50 +0200] "POST /cgi-bin/api1.py HTTP/1.1" 404 296
::1 - - [19/Dec/2024:09:29:51 +0200] "POST /cgi-bin/api1.py HTTP/1.1" 404 296
::1 - - [19/Dec/2024:09:29:51 +0200] "POST /cgi-bin/api HTTP/1.1" 404 296
::1 - - [19/Dec/2024:09:29:51 +0200] "POST /cgi-bin/api HTTP/1.1" 404 296
::1 - - [19/Dec/2024:09:29:51 +0200] "POST /cgi-bin/api1.py HTTP/1.1" 404 296
::1 - - [19/Dec/2024:09:29:52 +0200] "POST /cgi-bin/api1.py HTTP/1.1" 404 296
::1 - - [19/Dec/2024:09:29:52 +0200] "POST /api/reg HTTP/1.1" 200 8
::1 - - [19/Dec/2024:09:29:52 +0200] "POST /api/reg HTTP/1.1" 200 8
::1 - - [19/Dec/2024:09:29:52 +0200] "POST /api/reg HTTP/1.1" 200 8
::1 - - [19/Dec/2024:09:29:53 +0200] "POST /api/reg HTTP/1.1" 200 8
::1 - - [19/Dec/2024:09:29:53 +0200] "POST /api/reg HTTP/1.1" 200 8
::1 - - [19/Dec/2024:09:29:53 +0200] "POST /api/reg HTTP/1.1" 200 8
::1 - - [19/Dec/2024:09:29:53 +0200] "POST /api/reg HTTP/1.1" 200 8
::1 - - [19/Dec/2024:09:29:53 +0200] "POST /api/reg HTTP/1.1" 200 8
::1 - - [19/Dec/2024:09:30:24 +0200] "GET /index.html HTTP/1.1" 200 11
::1 - - [19/Dec/2024:09:30:30 +0200] "GET /test HTTP/1.1" 200 5
::1 - - [19/Dec/2024:09:41:41 +0200] "GET /test HTTP/1.1" 200 37
::1 - - [19/Dec/2024:09:41:41 +0200] "GET /favicon.ico HTTP/1.1" 200 37
::1 - - [19/Dec/2024:09:41:55 +0200] "GET /test HTTP/1.1" 200 44
::1 - - [19/Dec/2024:09:41:55 +0200] "GET /favicon.ico HTTP/1.1" 200 51
::1 - - [19/Dec/2024:09:52:51 +0200] "GET /user HTTP/1.1" 200 44
::1 - - [19/Dec/2024:09:59:44 +0200] "GET /user HTTP/1.1" 200 70
::1 - - [19/Dec/2024:09:59:44 +0200] "GET /favicon.ico HTTP/1.1" 200 84
::1 - - [19/Dec/2024:10:00:23 +0200] "GET /user/ HTTP/1.1" 500 632
::1 - - [19/Dec/2024:10:00:57 +0200] "GET /user/auth HTTP/1.1" 200 70
::1 - - [19/Dec/2024:10:00:58 +0200] "GET /favicon.ico HTTP/1.1" 200 84
::1 - - [19/Dec/2024:10:03:50 +0200] "GET /user/auth HTTP/1.1" 200 70
::1 - - [19/Dec/2024:10:03:50 +0200] "GET /favicon.ico HTTP/1.1" 200 84
::1 - - [19/Dec/2024:10:03:54 +0200] "GET /user/ HTTP/1.1" 200 70
::1 - - [19/Dec/2024:10:03:54 +0200] "GET /favicon.ico HTTP/1.1" 200 84
::1 - - [19/Dec/2024:10:04:14 +0200] "GET /user/auth HTTP/1.1" 200 70
::1 - - [19/Dec/2024:10:04:14 +0200] "GET /favicon.ico HTTP/1.1" 200 84
::1 - - [19/Dec/2024:10:28:54 +0200] "GET /user/auth HTTP/1.1" 400 54
::1 - - [19/Dec/2024:10:30:45 +0200] "GET /user/auth HTTP/1.1" 400 54
::1 - - [19/Dec/2024:10:30:49 +0200] "GET /user/auth HTTP/1.1" 400 54
::1 - - [19/Dec/2024:10:31:39 +0200] "GET /user/auth HTTP/1.1" 400 54
::1 - - [19/Dec/2024:10:31:53 +0200] "GET /user HTTP/1.1" 200 18
::1 - - [19/Dec/2024:10:47:50 +0200] "GET /user HTTP/1.1" 200 18
::1 - - [19/Dec/2024:10:48:11 +0200] "GET /test HTTP/1.1" 400 35
::1 - - [19/Dec/2024:10:48:20 +0200] "GET /test HTTP/1.1" 400 35
::1 - - [19/Dec/2024:10:48:33 +0200] "GET /user HTTP/1.1" 200 18
::1 - - [19/Dec/2024:10:48:37 +0200] "GET /user HTTP/1.1" 400 83
::1 - - [19/Dec/2024:10:48:42 +0200] "GET /user HTTP/1.1" 400 83
::1 - - [19/Dec/2024:11:20:25 +0200] "GET /user HTTP/1.1" 400 47
::1 - - [19/Dec/2024:11:20:32 +0200] "GET /user HTTP/1.1" 400 47
::1 - - [19/Dec/2024:11:20:33 +0200] "GET /user HTTP/1.1" 400 47
::1 - - [19/Dec/2024:11:21:34 +0200] "GET /user HTTP/1.1" 400 38
::1 - - [19/Dec/2024:11:21:36 +0200] "GET /user HTTP/1.1" 400 38
::1 - - [19/Dec/2024:11:21:43 +0200] "GET /user HTTP/1.1" 400 47
::1 - - [19/Dec/2024:11:21:44 +0200] "GET /user HTTP/1.1" 400 47
::1 - - [19/Dec/2024:11:22:18 +0200] "GET /user HTTP/1.1" 400 47
::1 - - [19/Dec/2024:11:22:19 +0200] "GET /user HTTP/1.1" 400 47
::1 - - [19/Dec/2024:11:23:52 +0200] "GET /user HTTP/1.1" 400 47
::1 - - [19/Dec/2024:11:23:52 +0200] "GET /favicon.ico HTTP/1.1" 400 38
::1 - - [19/Dec/2024:11:23:58 +0200] "GET /user HTTP/1.1" 400 47
::1 - - [19/Dec/2024:11:23:59 +0200] "GET /favicon.ico HTTP/1.1" 400 38
::1 - - [19/Dec/2024:11:25:04 +0200] "GET /user HTTP/1.1" 200 18
::1 - - [19/Dec/2024:11:35:37 +0200] "GET /user HTTP/1.1" 400 22
::1 - - [19/Dec/2024:11:35:38 +0200] "GET /user HTTP/1.1" 400 22
::1 - - [19/Dec/2024:11:35:39 +0200] "GET /user HTTP/1.1" 400 22
::1 - - [19/Dec/2024:11:35:39 +0200] "GET /user HTTP/1.1" 400 22
::1 - - [19/Dec/2024:11:35:39 +0200] "GET /user HTTP/1.1" 400 22
::1 - - [19/Dec/2024:11:36:00 +0200] "GET /user HTTP/1.1" 400 22
::1 - - [19/Dec/2024:11:36:17 +0200] "GET /user HTTP/1.1" 200 18
::1 - - [19/Dec/2024:11:37:39 +0200] "GET /user HTTP/1.1" 200 18
::1 - - [19/Dec/2024:11:37:40 +0200] "GET /user HTTP/1.1" 200 18
::1 - - [19/Dec/2024:11:37:40 +0200] "GET /user HTTP/1.1" 200 18
::1 - - [19/Dec/2024:11:37:41 +0200] "GET /user HTTP/1.1" 200 18
::1 - - [19/Dec/2024:11:37:41 +0200] "GET /user HTTP/1.1" 200 18
::1 - - [19/Dec/2024:11:37:41 +0200] "GET /user HTTP/1.1" 200 18
::1 - - [19/Dec/2024:11:37:41 +0200] "GET /user HTTP/1.1" 200 18
::1 - - [19/Dec/2024:11:37:41 +0200] "GET /user HTTP/1.1" 200 18
::1 - - [19/Dec/2024:12:35:46 +0200] "GET /user HTTP/1.1" 400 22
::1 - - [19/Dec/2024:12:35:57 +0200] "GET /user HTTP/1.1" 200 113
::1 - - [19/Dec/2024:12:44:58 +0200] "GET /user HTTP/1.1" 200 113
::1 - - [19/Dec/2024:12:44:58 +0200] "GET /favicon.ico HTTP/1.1" 400 38
::1 - - [19/Dec/2024:12:46:14 +0200] "GET /user HTTP/1.1" 200 113
::1 - - [19/Dec/2024:12:47:33 +0200] "GET /user HTTP/1.1" 200 18
::1 - - [19/Dec/2024:12:47:53 +0200] "GET /user HTTP/1.1" 200 110
::1 - - [19/Dec/2024:12:48:22 +0200] "GET /user HTTP/1.1" 200 118
::1 - - [19/Dec/2024:12:48:31 +0200] "GET /user HTTP/1.1" 200 103
::1 - - [19/Dec/2024:12:48:38 +0200] "GET /user HTTP/1.1" 200 110
::1 - - [19/Dec/2024:12:56:32 +0200] "GET /user HTTP/1.1" 200 132
::1 - - [19/Dec/2024:12:56:32 +0200] "GET /favicon.ico HTTP/1.1" 400 38
::1 - - [19/Dec/2024:12:56:46 +0200] "GET /user HTTP/1.1" 200 132
::1 - - [19/Dec/2024:12:56:47 +0200] "GET /user HTTP/1.1" 200 132
::1 - - [19/Dec/2024:12:56:47 +0200] "GET /user HTTP/1.1" 200 132
::1 - - [19/Dec/2024:12:58:15 +0200] "GET /user HTTP/1.1" 200 132
::1 - - [19/Dec/2024:12:58:15 +0200] "GET /favicon.ico HTTP/1.1" 400 38
::1 - - [19/Dec/2024:12:58:15 +0200] "GET /user HTTP/1.1" 200 132
::1 - - [19/Dec/2024:12:58:15 +0200] "GET /user HTTP/1.1" 200 132
::1 - - [19/Dec/2024:12:58:35 +0200] "GET /user HTTP/1.1" 200 132
::1 - - [19/Dec/2024:12:58:36 +0200] "GET /user HTTP/1.1" 200 132
::1 - - [19/Dec/2024:12:58:36 +0200] "GET /user HTTP/1.1" 200 132
::1 - - [19/Dec/2024:12:59:23 +0200] "GET /user HTTP/1.1" 200 132
::1 - - [19/Dec/2024:13:00:16 +0200] "GET /user HTTP/1.1" 200 132
::1 - - [19/Dec/2024:13:00:43 +0200] "GET /user HTTP/1.1" 200 112
::1 - - [19/Dec/2024:13:00:43 +0200] "GET /favicon.ico HTTP/1.1" 400 38
::1 - - [19/Dec/2024:13:01:13 +0200] "GET /user HTTP/1.1" 200 112
::1 - - [19/Dec/2024:13:01:49 +0200] "GET /user HTTP/1.1" 200 181
::1 - - [19/Dec/2024:13:01:49 +0200] "GET /favicon.ico HTTP/1.1" 400 38
::1 - - [19/Dec/2024:13:09:54 +0200] "GET /user HTTP/1.1" 200 181
::1 - - [19/Dec/2024:13:09:54 +0200] "GET /favicon.ico HTTP/1.1" 400 38
::1 - - [19/Dec/2024:13:09:55 +0200] "GET /user HTTP/1.1" 200 181
::1 - - [19/Dec/2024:13:09:55 +0200] "GET /user HTTP/1.1" 200 181
::1 - - [19/Dec/2024:13:09:55 +0200] "GET /user HTTP/1.1" 200 181
::1 - - [19/Dec/2024:21:58:01 +0200] "GET /user HTTP/1.1" 200 181
::1 - - [19/Dec/2024:21:58:02 +0200] "GET /favicon.ico HTTP/1.1" 400 38
::1 - - [19/Dec/2024:21:58:14 +0200] "GET /user HTTP/1.1" 200 181
::1 - - [19/Dec/2024:22:47:53 +0200] "GET /user HTTP/1.1" 200 107
::1 - - [19/Dec/2024:22:47:53 +0200] "GET /favicon.ico HTTP/1.1" 400 38
::1 - - [19/Dec/2024:22:48:05 +0200] "GET /user HTTP/1.1" 200 107
::1 - - [19/Dec/2024:22:48:40 +0200] "GET /user HTTP/1.1" 200 95
::1 - - [19/Dec/2024:22:49:06 +0200] "GET /user HTTP/1.1" 200 95
::1 - - [19/Dec/2024:23:03:04 +0200] "GET /user HTTP/1.1" 200 181
::1 - - [23/Dec/2024:09:15:31 +0200] "GET /user/ HTTP/1.1" 200 191
::1 - - [23/Dec/2024:09:15:42 +0200] "GET /user/ HTTP/1.1" 200 191
::1 - - [23/Dec/2024:09:15:56 +0200] "GET /user/ HTTP/1.1" 200 191
::1 - - [23/Dec/2024:09:16:35 +0200] "GET /user/ HTTP/1.1" 200 191
::1 - - [23/Dec/2024:10:04:58 +0200] "POST /user/ HTTP/1.1" 500 632
::1 - - [23/Dec/2024:10:05:00 +0200] "GET /user/ HTTP/1.1" 500 632
::1 - - [23/Dec/2024:10:05:02 +0200] "GET /user/ HTTP/1.1" 500 632
::1 - - [23/Dec/2024:10:05:02 +0200] "GET /user/ HTTP/1.1" 500 632
::1 - - [23/Dec/2024:10:05:03 +0200] "GET /user/ HTTP/1.1" 500 632
::1 - - [23/Dec/2024:10:05:04 +0200] "GET /user/ HTTP/1.1" 500 632
::1 - - [23/Dec/2024:10:05:13 +0200] "POST /user/ HTTP/1.1" 500 632
::1 - - [23/Dec/2024:10:05:15 +0200] "GET /user/ HTTP/1.1" 500 632
::1 - - [23/Dec/2024:10:05:30 +0200] "GET /user/ HTTP/1.1" 500 632
::1 - - [23/Dec/2024:10:05:41 +0200] "GET /user HTTP/1.1" 500 632
::1 - - [23/Dec/2024:10:13:02 +0200] "POST /user/ HTTP/1.1" 500 632
::1 - - [23/Dec/2024:10:13:09 +0200] "POST /user/ HTTP/1.1" 500 632
::1 - - [23/Dec/2024:10:13:13 +0200] "GET /user/ HTTP/1.1" 500 632
::1 - - [23/Dec/2024:10:24:09 +0200] "GET /user/ HTTP/1.1" 500 632
::1 - - [23/Dec/2024:10:24:31 +0200] "GET /user/ HTTP/1.1" 500 632
::1 - - [23/Dec/2024:10:24:38 +0200] "POST /user/ HTTP/1.1" 500 632
::1 - - [23/Dec/2024:10:25:44 +0200] "GET /user/ HTTP/1.1" 500 632
::1 - - [23/Dec/2024:10:25:47 +0200] "POST /user/ HTTP/1.1" 500 632
::1 - - [23/Dec/2024:10:26:11 +0200] "POST /user/ HTTP/1.1" 500 632
::1 - - [23/Dec/2024:10:27:46 +0200] "GET /user/ HTTP/1.1" 500 632
::1 - - [23/Dec/2024:10:29:06 +0200] "POST /user/ HTTP/1.1" 500 632
::1 - - [23/Dec/2024:10:29:11 +0200] "GET /user/ HTTP/1.1" 500 632
::1 - - [23/Dec/2024:10:29:25 +0200] "GET /user/ HTTP/1.1" 500 632
::1 - - [23/Dec/2024:10:30:50 +0200] "POST /user/ HTTP/1.1" 500 632
::1 - - [23/Dec/2024:10:34:35 +0200] "POST /user/ HTTP/1.1" 500 632
::1 - - [23/Dec/2024:10:35:39 +0200] "POST /user/ HTTP/1.1" 200 221
::1 - - [23/Dec/2024:10:35:46 +0200] "GET /user/ HTTP/1.1" 200 220
::1 - - [23/Dec/2024:10:36:20 +0200] "POST /user/ HTTP/1.1" 200 221
::1 - - [23/Dec/2024:10:38:40 +0200] "POST /user/ HTTP/1.1" 200 221
::1 - - [23/Dec/2024:10:38:41 +0200] "GET /user/ HTTP/1.1" 200 220
::1 - - [23/Dec/2024:10:38:43 +0200] "POST /user/ HTTP/1.1" 200 221
::1 - - [23/Dec/2024:10:38:44 +0200] "GET /user/ HTTP/1.1" 200 220
::1 - - [23/Dec/2024:10:38:44 +0200] "POST /user/ HTTP/1.1" 200 221
::1 - - [23/Dec/2024:10:38:45 +0200] "POST /user/ HTTP/1.1" 200 221
::1 - - [23/Dec/2024:10:38:47 +0200] "POST /user/ HTTP/1.1" 200 221
::1 - - [23/Dec/2024:10:39:01 +0200] "POST /user/ HTTP/1.1" 200 221
::1 - - [23/Dec/2024:10:39:16 +0200] "GET /user/ HTTP/1.1" 200 220
::1 - - [23/Dec/2024:10:39:18 +0200] "POST /user/ HTTP/1.1" 200 221
::1 - - [23/Dec/2024:10:39:19 +0200] "GET /user/ HTTP/1.1" 200 220
::1 - - [23/Dec/2024:10:39:26 +0200] "GET /user/ HTTP/1.1" 200 220
::1 - - [23/Dec/2024:10:39:34 +0200] "POST /user/ HTTP/1.1" 200 221
::1 - - [23/Dec/2024:10:42:08 +0200] "POST /user/ HTTP/1.1" 200 221
::1 - - [23/Dec/2024:10:42:11 +0200] "OPTIONS /user/ HTTP/1.1" 405 256
::1 - - [23/Dec/2024:10:43:30 +0200] "OPTIONS /user/ HTTP/1.1" 405 256
::1 - - [23/Dec/2024:10:51:31 +0200] "OPTIONS /user/ HTTP/1.1" 200 -
::1 - - [23/Dec/2024:10:51:39 +0200] "OPTIONS /user/ HTTP/1.1" 200 -
::1 - - [23/Dec/2024:10:51:51 +0200] "OPTIONS /user/ HTTP/1.1" 200 -
::1 - - [23/Dec/2024:10:53:45 +0200] "OPTIONS /user/ HTTP/1.1" 200 -
::1 - - [23/Dec/2024:10:53:49 +0200] "OPTIONS /user/ HTTP/1.1" 200 -
::1 - - [23/Dec/2024:10:54:27 +0200] "OPTIONS /user/ HTTP/1.1" 200 -
::1 - - [23/Dec/2024:10:54:28 +0200] "POST /user/ HTTP/1.1" 200 350
::1 - - [23/Dec/2024:10:54:34 +0200] "OPTIONS /user/ HTTP/1.1" 200 -
::1 - - [23/Dec/2024:10:54:34 +0200] "POST /user/ HTTP/1.1" 200 350
::1 - - [23/Dec/2024:11:27:31 +0200] "OPTIONS /user/ HTTP/1.1" 200 -
::1 - - [23/Dec/2024:11:27:31 +0200] "POST /user/ HTTP/1.1" 200 362
::1 - - [23/Dec/2024:11:27:32 +0200] "GET /user/ HTTP/1.1" 200 220
::1 - - [23/Dec/2024:11:27:33 +0200] "POST /user/ HTTP/1.1" 200 362
::1 - - [23/Dec/2024:11:27:46 +0200] "GET /user/ HTTP/1.1" 200 220
::1 - - [23/Dec/2024:11:37:45 +0200] "OPTIONS /user/ HTTP/1.1" 200 -
::1 - - [23/Dec/2024:11:37:45 +0200] "POST /user/ HTTP/1.1" 200 513
::1 - - [23/Dec/2024:12:12:23 +0200] "OPTIONS /user/ HTTP/1.1" 200 -
::1 - - [23/Dec/2024:12:12:24 +0200] "POST /user/ HTTP/1.1" 200 499
::1 - - [23/Dec/2024:12:12:24 +0200] "POST /user/ HTTP/1.1" 200 499
::1 - - [23/Dec/2024:12:12:24 +0200] "POST /user/ HTTP/1.1" 200 499
::1 - - [23/Dec/2024:12:39:42 +0200] "OPTIONS /user/ HTTP/1.1" 400 36
::1 - - [23/Dec/2024:12:39:59 +0200] "OPTIONS /user/ HTTP/1.1" 400 36
::1 - - [23/Dec/2024:12:42:20 +0200] "OPTIONS /user/ HTTP/1.1" 400 36
::1 - - [23/Dec/2024:12:56:06 +0200] "OPTIONS /user/ HTTP/1.1" 400 36
::1 - - [23/Dec/2024:13:01:15 +0200] "OPTIONS /user/ HTTP/1.1" 400 36
::1 - - [23/Dec/2024:13:03:27 +0200] "OPTIONS /user/ HTTP/1.1" 400 36
::1 - - [23/Dec/2024:13:04:39 +0200] "OPTIONS /user/ HTTP/1.1" 400 36
::1 - - [23/Dec/2024:13:04:51 +0200] "OPTIONS /user/ HTTP/1.1" 400 36
::1 - - [23/Dec/2024:13:05:48 +0200] "OPTIONS /user/ HTTP/1.1" 400 36
::1 - - [23/Dec/2024:13:05:52 +0200] "GET /user/ HTTP/1.1" 400 36
::1 - - [23/Dec/2024:13:08:55 +0200] "GET /user/ HTTP/1.1" 400 29
::1 - - [23/Dec/2024:13:09:58 +0200] "GET /user/ HTTP/1.1" 400 28
::1 - - [23/Dec/2024:13:11:22 +0200] "GET /user/ HTTP/1.1" 400 28
::1 - - [23/Dec/2024:13:14:30 +0200] "GET /user/ HTTP/1.1" 200 220
::1 - - [23/Dec/2024:13:14:32 +0200] "OPTIONS /user/ HTTP/1.1" 200 -
::1 - - [23/Dec/2024:13:14:32 +0200] "POST /user/ HTTP/1.1" 400 50
::1 - - [23/Dec/2024:13:14:52 +0200] "GET /user/ HTTP/1.1" 200 220
::1 - - [23/Dec/2024:13:14:52 +0200] "GET /favicon.ico HTTP/1.1" 400 38
