[Wed Dec 18 18:03:46.014978 2024] [cgi:error] [pid 29280:tid 1940] [client ::1:63978] AH02811: script not found or unable to stat: C:/xampp/cgi-bin/script.py, referer: http://cgi213.loc/?username=test&email=vlad%40gmail.com&password=Testtest21&confirm_password=Testtest21
[Wed Dec 18 21:38:43.326492 2024] [cgi:error] [pid 32444:tid 1932] [client ::1:53841] AH02811: script not found or unable to stat: C:/xampp/cgi-bin/script.py, referer: http://cgi213.loc/?username=test&email=vlad%40gmail.com&password=Testtest21&confirm_password=Testtest21
[Wed Dec 18 21:40:54.603792 2024] [cgi:error] [pid 32444:tid 1932] [client ::1:53895] AH02811: script not found or unable to stat: C:/xampp/cgi-bin/script.py, referer: http://cgi213.loc/?username=test&email=vlad%40gmail.com&password=Testtest21&confirm_password=Testtest21
[Wed Dec 18 21:41:00.162001 2024] [cgi:error] [pid 32444:tid 1932] [client ::1:53900] AH02811: script not found or unable to stat: C:/xampp/cgi-bin/script.py, referer: http://cgi213.loc/?username=test&email=vlad%40gmail.com&password=Testtest21&confirm_password=Testtest21
[Wed Dec 18 21:41:47.320590 2024] [cgi:error] [pid 32444:tid 1932] [client ::1:53936] AH02811: script not found or unable to stat: C:/xampp/cgi-bin/script.py, referer: http://cgi213.loc/
[Wed Dec 18 21:43:34.453496 2024] [cgi:error] [pid 32444:tid 1932] [client ::1:53993] AH02811: script not found or unable to stat: C:/xampp/cgi-bin/script.py, referer: http://cgi213.loc/
[Wed Dec 18 21:45:03.226866 2024] [cgi:error] [pid 32444:tid 1932] [client ::1:54038] AH02811: script not found or unable to stat: C:/xampp/cgi-bin/script.py, referer: http://cgi213.loc/
[Wed Dec 18 21:45:04.683409 2024] [cgi:error] [pid 32444:tid 1932] [client ::1:54038] AH02811: script not found or unable to stat: C:/xampp/cgi-bin/script.py, referer: http://cgi213.loc/
[Wed Dec 18 21:45:18.517694 2024] [cgi:error] [pid 32444:tid 1932] [client ::1:54038] AH02811: script not found or unable to stat: C:/xampp/cgi-bin/script.py, referer: http://cgi213.loc/
[Wed Dec 18 22:32:19.274315 2024] [cgi:error] [pid 32444:tid 1932] [client ::1:56323] AH02811: script not found or unable to stat: C:/xampp/cgi-bin/script.py
[Wed Dec 18 22:32:24.652904 2024] [cgi:error] [pid 32444:tid 1932] [client ::1:56326] AH02811: script not found or unable to stat: C:/xampp/cgi-bin/script.py, referer: http://cgi213.loc/
[Wed Dec 18 22:32:45.526795 2024] [cgi:error] [pid 32444:tid 1932] [client ::1:56335] AH02811: script not found or unable to stat: C:/xampp/cgi-bin/script.py, referer: http://cgi213.loc/
[Wed Dec 18 22:34:57.247044 2024] [cgi:error] [pid 32444:tid 1932] [client ::1:56393] AH02811: script not found or unable to stat: C:/xampp/cgi-bin/script.py, referer: http://cgi213.loc/
[Wed Dec 18 22:35:02.561497 2024] [cgi:error] [pid 32444:tid 1932] [client ::1:56395] AH02811: script not found or unable to stat: C:/xampp/cgi-bin/script.py, referer: http://cgi213.loc/
[Wed Dec 18 22:35:17.729141 2024] [cgi:error] [pid 32444:tid 1932] [client ::1:56401] AH02811: script not found or unable to stat: C:/xampp/cgi-bin/script.py, referer: http://cgi213.loc/
[Wed Dec 18 22:36:00.823140 2024] [cgi:error] [pid 32444:tid 1932] [client ::1:56420] AH02811: script not found or unable to stat: C:/xampp/cgi-bin/script.py, referer: http://cgi213.loc/
[Wed Dec 18 22:37:54.650541 2024] [cgi:error] [pid 32444:tid 1932] [client ::1:56471] AH02811: script not found or unable to stat: C:/xampp/cgi-bin/script.py, referer: http://cgi213.loc/
[Wed Dec 18 22:40:03.561305 2024] [cgi:error] [pid 32444:tid 1932] [client ::1:56524] AH02811: script not found or unable to stat: C:/xampp/cgi-bin/script.py, referer: http://cgi213.loc/
[Wed Dec 18 22:41:26.648515 2024] [cgi:error] [pid 32444:tid 1932] [client ::1:56565] AH02811: script not found or unable to stat: C:/xampp/cgi-bin/script.py, referer: http://cgi213.loc/
[Wed Dec 18 23:18:11.201923 2024] [cgi:error] [pid 32444:tid 1932] [client 127.0.0.1:57523] AH02811: script not found or unable to stat: C:/Step/ServerProgramming/cgi/script.py
[Wed Dec 18 23:18:22.502334 2024] [cgi:error] [pid 32444:tid 1932] [client 127.0.0.1:57532] AH02811: script not found or unable to stat: C:/Step/ServerProgramming/cgi/script.py
[Wed Dec 18 23:18:25.689630 2024] [cgi:error] [pid 32444:tid 1932] [client 127.0.0.1:57532] AH02811: script not found or unable to stat: C:/Step/ServerProgramming/cgi/script.py
[Wed Dec 18 23:18:29.162349 2024] [cgi:error] [pid 32444:tid 1932] [client 127.0.0.1:57532] AH02811: script not found or unable to stat: C:/Step/ServerProgramming/cgi/script.py
[Wed Dec 18 23:21:49.601928 2024] [cgi:error] [pid 32444:tid 1932] [client ::1:57675] AH02811: script not found or unable to stat: C:/xampp/cgi-bin/script.py, referer: http://cgi213.loc/
[Wed Dec 18 23:21:52.554224 2024] [cgi:error] [pid 32444:tid 1932] [client ::1:57675] AH02811: script not found or unable to stat: C:/xampp/cgi-bin/cgi_script.py, referer: http://cgi213.loc/
[Wed Dec 18 23:21:54.222893 2024] [cgi:error] [pid 32444:tid 1932] [client ::1:57675] AH02811: script not found or unable to stat: C:/xampp/cgi-bin/cgi_script.py, referer: http://cgi213.loc/
[Wed Dec 18 23:21:56.503521 2024] [cgi:error] [pid 32444:tid 1932] [client ::1:57680] AH02811: script not found or unable to stat: C:/xampp/cgi-bin/cgi_script.py, referer: http://cgi213.loc/
[Wed Dec 18 23:24:38.063498 2024] [cgi:error] [pid 32444:tid 1932] [client ::1:57751] AH02811: script not found or unable to stat: C:/xampp/cgi-bin/api, referer: http://cgi213.loc/
[Wed Dec 18 23:24:38.921940 2024] [cgi:error] [pid 32444:tid 1932] [client ::1:57751] AH02811: script not found or unable to stat: C:/xampp/cgi-bin/api, referer: http://cgi213.loc/
[Wed Dec 18 23:34:15.437880 2024] [cgi:error] [pid 32444:tid 1932] [client ::1:58005] AH02811: script not found or unable to stat: C:/xampp/cgi-bin/api, referer: http://cgi213.loc/
[Wed Dec 18 23:34:16.913276 2024] [cgi:error] [pid 32444:tid 1932] [client ::1:58005] AH02811: script not found or unable to stat: C:/xampp/cgi-bin/api, referer: http://cgi213.loc/
[Wed Dec 18 23:34:17.554307 2024] [cgi:error] [pid 32444:tid 1932] [client ::1:58005] AH02811: script not found or unable to stat: C:/xampp/cgi-bin/api, referer: http://cgi213.loc/
[Wed Dec 18 23:34:17.964317 2024] [cgi:error] [pid 32444:tid 1932] [client ::1:58005] AH02811: script not found or unable to stat: C:/xampp/cgi-bin/api, referer: http://cgi213.loc/
[Wed Dec 18 23:34:18.174798 2024] [cgi:error] [pid 32444:tid 1932] [client ::1:58005] AH02811: script not found or unable to stat: C:/xampp/cgi-bin/api, referer: http://cgi213.loc/
[Wed Dec 18 23:34:18.352970 2024] [cgi:error] [pid 32444:tid 1932] [client ::1:58005] AH02811: script not found or unable to stat: C:/xampp/cgi-bin/api, referer: http://cgi213.loc/
[Wed Dec 18 23:34:18.537442 2024] [cgi:error] [pid 32444:tid 1932] [client ::1:58005] AH02811: script not found or unable to stat: C:/xampp/cgi-bin/api, referer: http://cgi213.loc/
[Wed Dec 18 23:34:36.273703 2024] [cgi:error] [pid 32444:tid 1932] [client ::1:58016] AH02811: script not found or unable to stat: C:/xampp/cgi-bin/api, referer: http://cgi213.loc/
[Wed Dec 18 23:34:38.360770 2024] [cgi:error] [pid 32444:tid 1932] [client ::1:58016] AH02811: script not found or unable to stat: C:/xampp/cgi-bin/api, referer: http://cgi213.loc/
[Thu Dec 19 09:23:12.831539 2024] [cgi:error] [pid 29532:tid 1940] [client ::1:52866] AH02811: script not found or unable to stat: C:/Step/ServerProgramming/cgi/access_manager.py
[Thu Dec 19 09:26:14.747168 2024] [cgi:error] [pid 29532:tid 1940] [client ::1:53030] AH02811: script not found or unable to stat: C:/Step/ServerProgramming/cgi/access_manager.py
[Thu Dec 19 09:26:15.538014 2024] [cgi:error] [pid 29532:tid 1940] [client ::1:53030] AH02811: script not found or unable to stat: C:/Step/ServerProgramming/cgi/access_manager.py
[Thu Dec 19 09:26:15.768097 2024] [cgi:error] [pid 29532:tid 1940] [client ::1:53030] AH02811: script not found or unable to stat: C:/Step/ServerProgramming/cgi/access_manager.py
[Thu Dec 19 09:26:16.096940 2024] [cgi:error] [pid 29532:tid 1940] [client ::1:53030] AH02811: script not found or unable to stat: C:/Step/ServerProgramming/cgi/access_manager.py
[Thu Dec 19 09:26:16.279945 2024] [cgi:error] [pid 29532:tid 1940] [client ::1:53030] AH02811: script not found or unable to stat: C:/Step/ServerProgramming/cgi/access_manager.py
[Thu Dec 19 09:26:16.463275 2024] [cgi:error] [pid 29532:tid 1940] [client ::1:53030] AH02811: script not found or unable to stat: C:/Step/ServerProgramming/cgi/access_manager.py
[Thu Dec 19 09:26:16.650519 2024] [cgi:error] [pid 29532:tid 1940] [client ::1:53030] AH02811: script not found or unable to stat: C:/Step/ServerProgramming/cgi/access_manager.py
[Thu Dec 19 09:26:16.829323 2024] [cgi:error] [pid 29532:tid 1940] [client ::1:53030] AH02811: script not found or unable to stat: C:/Step/ServerProgramming/cgi/access_manager.py
[Thu Dec 19 09:26:17.010606 2024] [cgi:error] [pid 29532:tid 1940] [client ::1:53030] AH02811: script not found or unable to stat: C:/Step/ServerProgramming/cgi/access_manager.py
[Thu Dec 19 09:26:17.183681 2024] [cgi:error] [pid 29532:tid 1940] [client ::1:53030] AH02811: script not found or unable to stat: C:/Step/ServerProgramming/cgi/access_manager.py
[Thu Dec 19 09:26:17.360952 2024] [cgi:error] [pid 29532:tid 1940] [client ::1:53030] AH02811: script not found or unable to stat: C:/Step/ServerProgramming/cgi/access_manager.py
[Thu Dec 19 09:27:21.607726 2024] [cgi:error] [pid 29532:tid 1940] [client ::1:53056] AH02811: script not found or unable to stat: C:/Step/ServerProgramming/cgi/access_manager.py
[Thu Dec 19 09:27:21.660355 2024] [cgi:error] [pid 29532:tid 1940] [client ::1:53056] AH02811: script not found or unable to stat: C:/Step/ServerProgramming/cgi/access_manager.py, referer: http://cgi213.loc/
[Thu Dec 19 09:27:25.156162 2024] [cgi:error] [pid 29532:tid 1940] [client ::1:53074] AH02811: script not found or unable to stat: C:/Step/ServerProgramming/cgi/access_manager.py
[Thu Dec 19 09:27:25.372553 2024] [cgi:error] [pid 29532:tid 1940] [client ::1:53079] AH02811: script not found or unable to stat: C:/Step/ServerProgramming/cgi/access_manager.py, referer: http://cgi213.loc/
[Thu Dec 19 09:27:25.671797 2024] [cgi:error] [pid 29532:tid 1940] [client ::1:53086] AH02811: script not found or unable to stat: C:/Step/ServerProgramming/cgi/access_manager.py
[Thu Dec 19 09:27:25.732576 2024] [cgi:error] [pid 29532:tid 1940] [client ::1:53086] AH02811: script not found or unable to stat: C:/Step/ServerProgramming/cgi/access_manager.py, referer: http://cgi213.loc/
[Thu Dec 19 09:27:25.891950 2024] [cgi:error] [pid 29532:tid 1940] [client ::1:53093] AH02811: script not found or unable to stat: C:/Step/ServerProgramming/cgi/access_manager.py
[Thu Dec 19 09:27:25.931521 2024] [cgi:error] [pid 29532:tid 1940] [client ::1:53093] AH02811: script not found or unable to stat: C:/Step/ServerProgramming/cgi/access_manager.py, referer: http://cgi213.loc/
[Thu Dec 19 09:27:28.544646 2024] [cgi:error] [pid 29532:tid 1940] [client ::1:53115] AH02811: script not found or unable to stat: C:/Step/ServerProgramming/cgi/access_manager.py
[Thu Dec 19 09:27:28.667776 2024] [cgi:error] [pid 29532:tid 1940] [client ::1:53115] AH02811: script not found or unable to stat: C:/Step/ServerProgramming/cgi/access_manager.py, referer: http://cgi213.loc/
[Thu Dec 19 09:27:35.429290 2024] [cgi:error] [pid 29532:tid 1940] [client ::1:53175] AH02811: script not found or unable to stat: C:/Step/ServerProgramming/cgi/access_manager.py
[Thu Dec 19 09:27:35.479885 2024] [cgi:error] [pid 29532:tid 1940] [client ::1:53175] AH02811: script not found or unable to stat: C:/Step/ServerProgramming/cgi/access_manager.py, referer: http://cgi213.loc/
[Thu Dec 19 09:27:36.172471 2024] [cgi:error] [pid 29532:tid 1940] [client ::1:53178] AH02811: script not found or unable to stat: C:/Step/ServerProgramming/cgi/access_manager.py
[Thu Dec 19 09:27:36.219002 2024] [cgi:error] [pid 29532:tid 1940] [client ::1:53178] AH02811: script not found or unable to stat: C:/Step/ServerProgramming/cgi/access_manager.py, referer: http://cgi213.loc/
[Thu Dec 19 09:27:36.532671 2024] [cgi:error] [pid 29532:tid 1940] [client ::1:53179] AH02811: script not found or unable to stat: C:/Step/ServerProgramming/cgi/access_manager.py
[Thu Dec 19 09:27:36.574621 2024] [cgi:error] [pid 29532:tid 1940] [client ::1:53179] AH02811: script not found or unable to stat: C:/Step/ServerProgramming/cgi/access_manager.py, referer: http://cgi213.loc/
[Thu Dec 19 09:27:36.810051 2024] [cgi:error] [pid 29532:tid 1940] [client ::1:53180] AH02811: script not found or unable to stat: C:/Step/ServerProgramming/cgi/access_manager.py
[Thu Dec 19 09:27:36.859670 2024] [cgi:error] [pid 29532:tid 1940] [client ::1:53180] AH02811: script not found or unable to stat: C:/Step/ServerProgramming/cgi/access_manager.py, referer: http://cgi213.loc/
[Thu Dec 19 09:27:40.036823 2024] [cgi:error] [pid 29532:tid 1940] [client ::1:53182] AH02811: script not found or unable to stat: C:/Step/ServerProgramming/cgi/access_manager.py
[Thu Dec 19 09:27:40.071893 2024] [cgi:error] [pid 29532:tid 1940] [client ::1:53182] AH02811: script not found or unable to stat: C:/Step/ServerProgramming/cgi/access_manager.py, referer: http://cgi213.loc/
[Thu Dec 19 09:28:38.455446 2024] [cgi:error] [pid 29532:tid 1940] [client ::1:53207] AH02811: script not found or unable to stat: C:/Step/ServerProgramming/cgi/access_manager.py
[Thu Dec 19 09:28:38.507161 2024] [cgi:error] [pid 29532:tid 1940] [client ::1:53207] AH02811: script not found or unable to stat: C:/Step/ServerProgramming/cgi/access_manager.py, referer: http://cgi213.loc/
[Thu Dec 19 09:28:39.233669 2024] [cgi:error] [pid 29532:tid 1940] [client ::1:53208] AH02811: script not found or unable to stat: C:/Step/ServerProgramming/cgi/access_manager.py
[Thu Dec 19 09:28:39.425779 2024] [cgi:error] [pid 29532:tid 1940] [client ::1:53208] AH02811: script not found or unable to stat: C:/Step/ServerProgramming/cgi/access_manager.py
[Thu Dec 19 09:28:39.603803 2024] [cgi:error] [pid 29532:tid 1940] [client ::1:53208] AH02811: script not found or unable to stat: C:/Step/ServerProgramming/cgi/access_manager.py
[Thu Dec 19 09:28:41.684035 2024] [cgi:error] [pid 29532:tid 1940] [client ::1:53208] AH02811: script not found or unable to stat: C:/Step/ServerProgramming/cgi/access_manager.py
[Thu Dec 19 09:28:42.219438 2024] [cgi:error] [pid 29532:tid 1940] [client ::1:53208] AH02811: script not found or unable to stat: C:/Step/ServerProgramming/cgi/access_manager.py
[Thu Dec 19 09:28:42.411473 2024] [cgi:error] [pid 29532:tid 1940] [client ::1:53208] AH02811: script not found or unable to stat: C:/Step/ServerProgramming/cgi/access_manager.py
[Thu Dec 19 09:29:03.545344 2024] [cgi:error] [pid 29532:tid 1940] [client ::1:53223] AH02811: script not found or unable to stat: C:/Step/ServerProgramming/cgi/access_manager.py
[Thu Dec 19 09:29:03.594241 2024] [cgi:error] [pid 29532:tid 1940] [client ::1:53223] AH02811: script not found or unable to stat: C:/Step/ServerProgramming/cgi/access_manager.py, referer: http://cgi213.loc/
[Thu Dec 19 09:29:49.248184 2024] [cgi:error] [pid 29532:tid 1940] [client ::1:53244] AH02811: script not found or unable to stat: C:/xampp/cgi-bin/api, referer: http://cgi213.loc/
[Thu Dec 19 09:29:50.226875 2024] [cgi:error] [pid 29532:tid 1940] [client ::1:53244] AH02811: script not found or unable to stat: C:/xampp/cgi-bin/api1.py, referer: http://cgi213.loc/
[Thu Dec 19 09:29:50.860472 2024] [cgi:error] [pid 29532:tid 1940] [client ::1:53244] AH02811: script not found or unable to stat: C:/xampp/cgi-bin/api1.py, referer: http://cgi213.loc/
[Thu Dec 19 09:29:51.188905 2024] [cgi:error] [pid 29532:tid 1940] [client ::1:53244] AH02811: script not found or unable to stat: C:/xampp/cgi-bin/api1.py, referer: http://cgi213.loc/
[Thu Dec 19 09:29:51.457447 2024] [cgi:error] [pid 29532:tid 1940] [client ::1:53244] AH02811: script not found or unable to stat: C:/xampp/cgi-bin/api, referer: http://cgi213.loc/
[Thu Dec 19 09:29:51.676003 2024] [cgi:error] [pid 29532:tid 1940] [client ::1:53244] AH02811: script not found or unable to stat: C:/xampp/cgi-bin/api, referer: http://cgi213.loc/
[Thu Dec 19 09:29:51.974164 2024] [cgi:error] [pid 29532:tid 1940] [client ::1:53244] AH02811: script not found or unable to stat: C:/xampp/cgi-bin/api1.py, referer: http://cgi213.loc/
[Thu Dec 19 09:29:52.128628 2024] [cgi:error] [pid 29532:tid 1940] [client ::1:53244] AH02811: script not found or unable to stat: C:/xampp/cgi-bin/api1.py, referer: http://cgi213.loc/
